{"/Users/jakelitwicki/Litwicki/camelothub/app/src/App.js": {"path":"/Users/jakelitwicki/Litwicki/camelothub/app/src/App.js","statementMap":{"0":{"start":{"line":7,"column":14},"end":{"line":23,"column":2}},"1":{"start":{"line":28,"column":4},"end":{"line":34,"column":6}}},"fnMap":{"0":{"name":"(anonymous_0)","decl":{"start":{"line":27,"column":2},"end":{"line":27,"column":3}},"loc":{"start":{"line":27,"column":11},"end":{"line":35,"column":3}},"line":27}},"branchMap":{},"s":{"0":1,"1":1},"f":{"0":1},"b":{},"_coverageSchema":"332fd63041d2c1bcb487cc26dd0d5f7d97098a6c","hash":"75e619bb2231bd99bc127d22f9e5799b2080761b"}
,"/Users/jakelitwicki/Litwicki/camelothub/app/src/index.js": {"path":"/Users/jakelitwicki/Litwicki/camelothub/app/src/index.js","statementMap":{"0":{"start":{"line":1,"column":0},"end":{"line":null,"column":-1}},"1":{"start":{"line":2,"column":0},"end":{"line":null,"column":-1}},"2":{"start":{"line":3,"column":0},"end":{"line":null,"column":-1}},"3":{"start":{"line":4,"column":0},"end":{"line":null,"column":-1}},"4":{"start":{"line":5,"column":0},"end":{"line":null,"column":-1}},"5":{"start":{"line":12,"column":0},"end":{"line":null,"column":-1}}},"fnMap":{},"branchMap":{},"s":{"0":0,"1":0,"2":0,"3":0,"4":0,"5":0},"f":{},"b":{}}
,"/Users/jakelitwicki/Litwicki/camelothub/app/src/routes.js": {"path":"/Users/jakelitwicki/Litwicki/camelothub/app/src/routes.js","statementMap":{"0":{"start":{"line":11,"column":4},"end":{"line":21,"column":17}}},"fnMap":{"0":{"name":"(anonymous_0)","decl":{"start":{"line":10,"column":15},"end":{"line":10,"column":16}},"loc":{"start":{"line":11,"column":4},"end":{"line":21,"column":17}},"line":11}},"branchMap":{},"s":{"0":1},"f":{"0":1},"b":{},"_coverageSchema":"332fd63041d2c1bcb487cc26dd0d5f7d97098a6c","hash":"116a373be9d3c9ceb1aa75b79d16ff9a66bdf678"}
,"/Users/jakelitwicki/Litwicki/camelothub/app/src/serviceWorker.js": {"path":"/Users/jakelitwicki/Litwicki/camelothub/app/src/serviceWorker.js","statementMap":{"0":{"start":{"line":13,"column":20},"end":{"line":13,"column":0}},"1":{"start":{"line":24,"column":2},"end":{"line":54,"column":3}},"2":{"start":{"line":26,"column":22},"end":{"line":26,"column":4}},"3":{"start":{"line":27,"column":4},"end":{"line":32,"column":5}},"4":{"start":{"line":31,"column":6},"end":{"line":null,"column":-1}},"5":{"start":{"line":34,"column":4},"end":{"line":null,"column":-1}},"6":{"start":{"line":35,"column":21},"end":{"line":35,"column":6}},"7":{"start":{"line":37,"column":6},"end":{"line":52,"column":7}},"8":{"start":{"line":39,"column":8},"end":{"line":37,"column":23}},"9":{"start":{"line":43,"column":8},"end":{"line":null,"column":-1}},"10":{"start":{"line":44,"column":10},"end":{"line":null,"column":-1}},"11":{"start":{"line":51,"column":8},"end":{"line":null,"column":-1}},"12":{"start":{"line":58,"column":2},"end":{"line":null,"column":-1}},"13":{"start":{"line":61,"column":6},"end":{"line":null,"column":-1}},"14":{"start":{"line":62,"column":33},"end":{"line":62,"column":8}},"15":{"start":{"line":63,"column":8},"end":{"line":65,"column":9}},"16":{"start":{"line":64,"column":10},"end":{"line":null,"column":-1}},"17":{"start":{"line":66,"column":8},"end":{"line":null,"column":-1}},"18":{"start":{"line":67,"column":10},"end":{"line":92,"column":11}},"19":{"start":{"line":68,"column":12},"end":{"line":91,"column":13}},"20":{"start":{"line":72,"column":14},"end":{"line":68,"column":52}},"21":{"start":{"line":78,"column":14},"end":{"line":80,"column":15}},"22":{"start":{"line":79,"column":16},"end":{"line":null,"column":-1}},"23":{"start":{"line":85,"column":14},"end":{"line":81,"column":19}},"24":{"start":{"line":88,"column":14},"end":{"line":90,"column":15}},"25":{"start":{"line":89,"column":16},"end":{"line":null,"column":-1}},"26":{"start":{"line":97,"column":6},"end":{"line":null,"column":-1}},"27":{"start":{"line":103,"column":2},"end":{"line":null,"column":-1}},"28":{"start":{"line":106,"column":26},"end":{"line":106,"column":6}},"29":{"start":{"line":107,"column":6},"end":{"line":120,"column":7}},"30":{"start":{"line":112,"column":8},"end":{"line":null,"column":-1}},"31":{"start":{"line":113,"column":10},"end":{"line":null,"column":-1}},"32":{"start":{"line":114,"column":12},"end":{"line":null,"column":-1}},"33":{"start":{"line":119,"column":8},"end":{"line":null,"column":-1}},"34":{"start":{"line":123,"column":6},"end":{"line":null,"column":-1}},"35":{"start":{"line":130,"column":2},"end":{"line":134,"column":3}},"36":{"start":{"line":131,"column":4},"end":{"line":null,"column":-1}},"37":{"start":{"line":132,"column":6},"end":{"line":null,"column":-1}}},"fnMap":{"0":{"name":"register","decl":{"start":{"line":23,"column":16},"end":{"line":23,"column":7}},"loc":{"start":{"line":23,"column":33},"end":{"line":55,"column":1}}},"1":{"name":"(anonymous_1)","decl":{"start":{"line":34,"column":36},"end":{"line":34,"column":41}},"loc":{"start":{"line":34,"column":42},"end":{"line":34,"column":4}}},"2":{"name":"(anonymous_2)","decl":{"start":{"line":43,"column":43},"end":{"line":43,"column":48}},"loc":{"start":{"line":43,"column":49},"end":{"line":43,"column":8}}},"3":{"name":"registerValidSW","decl":{"start":{"line":57,"column":9},"end":{"line":57,"column":0}},"loc":{"start":{"line":57,"column":40},"end":{"line":99,"column":1}}},"4":{"name":"(anonymous_4)","decl":{"start":{"line":60,"column":10},"end":{"line":60,"column":21}},"loc":{"start":{"line":60,"column":26},"end":{"line":58,"column":2}}},"5":{"name":"(anonymous_5)","decl":{"start":{"line":61,"column":35},"end":{"line":61,"column":40}},"loc":{"start":{"line":61,"column":41},"end":{"line":61,"column":6}}},"6":{"name":"(anonymous_6)","decl":{"start":{"line":66,"column":41},"end":{"line":66,"column":46}},"loc":{"start":{"line":66,"column":47},"end":{"line":66,"column":8}}},"7":{"name":"(anonymous_7)","decl":{"start":{"line":96,"column":11},"end":{"line":96,"column":15}},"loc":{"start":{"line":96,"column":20},"end":{"line":58,"column":2}}},"8":{"name":"checkValidServiceWorker","decl":{"start":{"line":101,"column":9},"end":{"line":101,"column":0}},"loc":{"start":{"line":101,"column":48},"end":{"line":127,"column":1}}},"9":{"name":"(anonymous_9)","decl":{"start":{"line":104,"column":10},"end":{"line":104,"column":17}},"loc":{"start":{"line":104,"column":22},"end":{"line":103,"column":2}}},"10":{"name":"(anonymous_10)","decl":{"start":{"line":112,"column":43},"end":{"line":112,"column":54}},"loc":{"start":{"line":112,"column":59},"end":{"line":112,"column":8}}},"11":{"name":"(anonymous_11)","decl":{"start":{"line":113,"column":41},"end":{"line":113,"column":46}},"loc":{"start":{"line":113,"column":47},"end":{"line":113,"column":10}}},"12":{"name":"(anonymous_12)","decl":{"start":{"line":122,"column":11},"end":{"line":122,"column":16}},"loc":{"start":{"line":122,"column":17},"end":{"line":103,"column":2}}},"13":{"name":"unregister","decl":{"start":{"line":129,"column":16},"end":{"line":129,"column":7}},"loc":{"start":{"line":129,"column":29},"end":{"line":135,"column":1}}},"14":{"name":"(anonymous_14)","decl":{"start":{"line":131,"column":39},"end":{"line":131,"column":50}},"loc":{"start":{"line":131,"column":55},"end":{"line":131,"column":4}}}},"branchMap":{"0":{"loc":{"start":{"line":14,"column":2},"end":{"line":14,"column":1}},"type":"binary-expr","locations":[{"start":{"line":14,"column":2},"end":{"line":14,"column":1}},{"start":{"line":16,"column":4},"end":{"line":14,"column":2}},{"start":{"line":18,"column":4},"end":{"line":13,"column":27}}]},"1":{"loc":{"start":{"line":24,"column":2},"end":{"line":54,"column":3}},"type":"if","locations":[{"start":{"line":24,"column":2},"end":{"line":54,"column":3}},{"start":{"line":24,"column":2},"end":{"line":54,"column":3}}]},"2":{"loc":{"start":{"line":24,"column":6},"end":{"line":24,"column":5}},"type":"binary-expr","locations":[{"start":{"line":24,"column":6},"end":{"line":24,"column":5}},{"start":{"line":24,"column":47},"end":{"line":24,"column":2}}]},"3":{"loc":{"start":{"line":27,"column":4},"end":{"line":32,"column":5}},"type":"if","locations":[{"start":{"line":27,"column":4},"end":{"line":32,"column":5}},{"start":{"line":27,"column":4},"end":{"line":32,"column":5}}]},"4":{"loc":{"start":{"line":37,"column":6},"end":{"line":52,"column":7}},"type":"if","locations":[{"start":{"line":37,"column":6},"end":{"line":52,"column":7}},{"start":{"line":37,"column":6},"end":{"line":52,"column":7}}]},"5":{"loc":{"start":{"line":63,"column":8},"end":{"line":65,"column":9}},"type":"if","locations":[{"start":{"line":63,"column":8},"end":{"line":65,"column":9}},{"start":{"line":63,"column":8},"end":{"line":65,"column":9}}]},"6":{"loc":{"start":{"line":67,"column":10},"end":{"line":92,"column":11}},"type":"if","locations":[{"start":{"line":67,"column":10},"end":{"line":92,"column":11}},{"start":{"line":67,"column":10},"end":{"line":92,"column":11}}]},"7":{"loc":{"start":{"line":68,"column":12},"end":{"line":91,"column":13}},"type":"if","locations":[{"start":{"line":68,"column":12},"end":{"line":91,"column":13}},{"start":{"line":68,"column":12},"end":{"line":91,"column":13}}]},"8":{"loc":{"start":{"line":78,"column":14},"end":{"line":80,"column":15}},"type":"if","locations":[{"start":{"line":78,"column":14},"end":{"line":80,"column":15}},{"start":{"line":78,"column":14},"end":{"line":80,"column":15}}]},"9":{"loc":{"start":{"line":78,"column":18},"end":{"line":78,"column":24}},"type":"binary-expr","locations":[{"start":{"line":78,"column":18},"end":{"line":78,"column":24}},{"start":{"line":78,"column":28},"end":{"line":78,"column":14}}]},"10":{"loc":{"start":{"line":88,"column":14},"end":{"line":90,"column":15}},"type":"if","locations":[{"start":{"line":88,"column":14},"end":{"line":90,"column":15}},{"start":{"line":88,"column":14},"end":{"line":90,"column":15}}]},"11":{"loc":{"start":{"line":88,"column":18},"end":{"line":88,"column":24}},"type":"binary-expr","locations":[{"start":{"line":88,"column":18},"end":{"line":88,"column":24}},{"start":{"line":88,"column":28},"end":{"line":88,"column":14}}]},"12":{"loc":{"start":{"line":107,"column":6},"end":{"line":120,"column":7}},"type":"if","locations":[{"start":{"line":107,"column":6},"end":{"line":120,"column":7}},{"start":{"line":107,"column":6},"end":{"line":120,"column":7}}]},"13":{"loc":{"start":{"line":108,"column":8},"end":{"line":108,"column":7}},"type":"binary-expr","locations":[{"start":{"line":108,"column":8},"end":{"line":108,"column":7}},{"start":{"line":109,"column":9},"end":{"line":109,"column":8}},{"start":{"line":109,"column":32},"end":{"line":107,"column":6}}]},"14":{"loc":{"start":{"line":130,"column":2},"end":{"line":134,"column":3}},"type":"if","locations":[{"start":{"line":130,"column":2},"end":{"line":134,"column":3}},{"start":{"line":130,"column":2},"end":{"line":134,"column":3}}]}},"s":{"0":0,"1":0,"2":0,"3":0,"4":0,"5":0,"6":0,"7":0,"8":0,"9":0,"10":0,"11":0,"12":0,"13":0,"14":0,"15":0,"16":0,"17":0,"18":0,"19":0,"20":0,"21":0,"22":0,"23":0,"24":0,"25":0,"26":0,"27":0,"28":0,"29":0,"30":0,"31":0,"32":0,"33":0,"34":0,"35":0,"36":0,"37":0},"f":{"0":0,"1":0,"2":0,"3":0,"4":0,"5":0,"6":0,"7":0,"8":0,"9":0,"10":0,"11":0,"12":0,"13":0,"14":0},"b":{"0":[0,0,0],"1":[0,0],"2":[0,0],"3":[0,0],"4":[0,0],"5":[0,0],"6":[0,0],"7":[0,0],"8":[0,0],"9":[0,0],"10":[0,0],"11":[0,0],"12":[0,0],"13":[0,0,0],"14":[0,0]}}
,"/Users/jakelitwicki/Litwicki/camelothub/app/src/components/Cards.js": {"path":"/Users/jakelitwicki/Litwicki/camelothub/app/src/components/Cards.js","statementMap":{"0":{"start":{"line":8,"column":24},"end":{"line":8,"column":54}},"1":{"start":{"line":10,"column":15},"end":{"line":25,"column":2}},"2":{"start":{"line":10,"column":25},"end":{"line":25,"column":1}},"3":{"start":{"line":30,"column":24},"end":{"line":30,"column":34}},"4":{"start":{"line":31,"column":24},"end":{"line":31,"column":52}},"5":{"start":{"line":33,"column":4},"end":{"line":48,"column":5}}},"fnMap":{"0":{"name":"(anonymous_0)","decl":{"start":{"line":10,"column":15},"end":{"line":10,"column":16}},"loc":{"start":{"line":10,"column":25},"end":{"line":25,"column":1}},"line":10},"1":{"name":"(anonymous_1)","decl":{"start":{"line":29,"column":2},"end":{"line":29,"column":3}},"loc":{"start":{"line":29,"column":11},"end":{"line":49,"column":3}},"line":29}},"branchMap":{},"s":{"0":1,"1":1,"2":0,"3":0,"4":0,"5":0},"f":{"0":0,"1":0},"b":{},"_coverageSchema":"332fd63041d2c1bcb487cc26dd0d5f7d97098a6c","hash":"555d880b1c17bf1642507aa2d61c69e4b575ac78"}
,"/Users/jakelitwicki/Litwicki/camelothub/app/src/components/Dashboard.js": {"path":"/Users/jakelitwicki/Litwicki/camelothub/app/src/components/Dashboard.js","statementMap":{"0":{"start":{"line":18,"column":16},"end":{"line":18,"column":34}},"1":{"start":{"line":19,"column":0},"end":{"line":19,"column":31}},"2":{"start":{"line":21,"column":24},"end":{"line":21,"column":54}},"3":{"start":{"line":23,"column":15},"end":{"line":110,"column":2}},"4":{"start":{"line":23,"column":25},"end":{"line":110,"column":1}},"5":{"start":{"line":112,"column":19},"end":{"line":112,"column":25}},"6":{"start":{"line":129,"column":38},"end":{"line":129,"column":48}},"7":{"start":{"line":130,"column":28},"end":{"line":130,"column":97}},"8":{"start":{"line":131,"column":26},"end":{"line":131,"column":60}},"9":{"start":{"line":132,"column":25},"end":{"line":132,"column":47}},"10":{"start":{"line":133,"column":27},"end":{"line":133,"column":97}},"11":{"start":{"line":135,"column":17},"end":{"line":142,"column":6}},"12":{"start":{"line":136,"column":22},"end":{"line":136,"column":31}},"13":{"start":{"line":137,"column":6},"end":{"line":141,"column":7}},"14":{"start":{"line":144,"column":4},"end":{"line":144,"column":87}},"15":{"start":{"line":148,"column":4},"end":{"line":148,"column":24}},"16":{"start":{"line":152,"column":4},"end":{"line":152,"column":51}},"17":{"start":{"line":153,"column":4},"end":{"line":153,"column":24}},"18":{"start":{"line":157,"column":4},"end":{"line":157,"column":51}},"19":{"start":{"line":158,"column":4},"end":{"line":158,"column":24}},"20":{"start":{"line":162,"column":4},"end":{"line":162,"column":50}},"21":{"start":{"line":163,"column":4},"end":{"line":163,"column":24}},"22":{"start":{"line":167,"column":24},"end":{"line":167,"column":34}},"23":{"start":{"line":169,"column":41},"end":{"line":169,"column":51}},"24":{"start":{"line":170,"column":24},"end":{"line":170,"column":52}},"25":{"start":{"line":172,"column":4},"end":{"line":374,"column":5}}},"fnMap":{"0":{"name":"(anonymous_0)","decl":{"start":{"line":23,"column":15},"end":{"line":23,"column":16}},"loc":{"start":{"line":23,"column":25},"end":{"line":110,"column":1}},"line":23},"1":{"name":"(anonymous_1)","decl":{"start":{"line":128,"column":2},"end":{"line":128,"column":3}},"loc":{"start":{"line":128,"column":17},"end":{"line":145,"column":3}},"line":128},"2":{"name":"(anonymous_2)","decl":{"start":{"line":135,"column":54},"end":{"line":135,"column":55}},"loc":{"start":{"line":135,"column":68},"end":{"line":142,"column":5}},"line":135},"3":{"name":"(anonymous_3)","decl":{"start":{"line":147,"column":2},"end":{"line":147,"column":3}},"loc":{"start":{"line":147,"column":22},"end":{"line":149,"column":3}},"line":147},"4":{"name":"(anonymous_4)","decl":{"start":{"line":151,"column":23},"end":{"line":151,"column":24}},"loc":{"start":{"line":151,"column":41},"end":{"line":154,"column":3}},"line":151},"5":{"name":"(anonymous_5)","decl":{"start":{"line":156,"column":23},"end":{"line":156,"column":24}},"loc":{"start":{"line":156,"column":41},"end":{"line":159,"column":3}},"line":156},"6":{"name":"(anonymous_6)","decl":{"start":{"line":161,"column":22},"end":{"line":161,"column":23}},"loc":{"start":{"line":161,"column":40},"end":{"line":164,"column":3}},"line":161},"7":{"name":"(anonymous_7)","decl":{"start":{"line":166,"column":2},"end":{"line":166,"column":3}},"loc":{"start":{"line":166,"column":11},"end":{"line":375,"column":3}},"line":166}},"branchMap":{"0":{"loc":{"start":{"line":133,"column":27},"end":{"line":133,"column":97}},"type":"cond-expr","locations":[{"start":{"line":133,"column":44},"end":{"line":133,"column":73}},{"start":{"line":133,"column":76},"end":{"line":133,"column":97}}],"line":133},"1":{"loc":{"start":{"line":139,"column":16},"end":{"line":139,"column":66}},"type":"cond-expr","locations":[{"start":{"line":139,"column":26},"end":{"line":139,"column":27}},{"start":{"line":139,"column":30},"end":{"line":139,"column":66}}],"line":139},"2":{"loc":{"start":{"line":312,"column":36},"end":{"line":312,"column":71}},"type":"cond-expr","locations":[{"start":{"line":312,"column":46},"end":{"line":312,"column":66}},{"start":{"line":312,"column":69},"end":{"line":312,"column":71}}],"line":312},"3":{"loc":{"start":{"line":348,"column":34},"end":{"line":348,"column":69}},"type":"cond-expr","locations":[{"start":{"line":348,"column":44},"end":{"line":348,"column":64}},{"start":{"line":348,"column":67},"end":{"line":348,"column":69}}],"line":348}},"s":{"0":1,"1":1,"2":1,"3":1,"4":0,"5":1,"6":0,"7":0,"8":0,"9":0,"10":0,"11":0,"12":0,"13":0,"14":0,"15":0,"16":0,"17":0,"18":0,"19":0,"20":0,"21":0,"22":0,"23":0,"24":0,"25":0},"f":{"0":0,"1":0,"2":0,"3":0,"4":0,"5":0,"6":0,"7":0},"b":{"0":[0,0],"1":[0,0],"2":[0,0],"3":[0,0]},"_coverageSchema":"332fd63041d2c1bcb487cc26dd0d5f7d97098a6c","hash":"8ee5a2670837600b49e3f964c71a9d0c6005b2ef"}
,"/Users/jakelitwicki/Litwicki/camelothub/app/src/components/Main.js": {"path":"/Users/jakelitwicki/Litwicki/camelothub/app/src/components/Main.js","statementMap":{"0":{"start":{"line":14,"column":24},"end":{"line":14,"column":54}},"1":{"start":{"line":16,"column":15},"end":{"line":91,"column":2}},"2":{"start":{"line":16,"column":25},"end":{"line":91,"column":1}},"3":{"start":{"line":103,"column":4},"end":{"line":103,"column":43}},"4":{"start":{"line":107,"column":4},"end":{"line":107,"column":44}},"5":{"start":{"line":111,"column":4},"end":{"line":111,"column":44}},"6":{"start":{"line":115,"column":4},"end":{"line":115,"column":45}},"7":{"start":{"line":119,"column":24},"end":{"line":119,"column":34}},"8":{"start":{"line":120,"column":4},"end":{"line":213,"column":5}}},"fnMap":{"0":{"name":"(anonymous_0)","decl":{"start":{"line":16,"column":15},"end":{"line":16,"column":16}},"loc":{"start":{"line":16,"column":25},"end":{"line":91,"column":1}},"line":16},"1":{"name":"(anonymous_1)","decl":{"start":{"line":100,"column":2},"end":{"line":100,"column":3}},"loc":{"start":{"line":100,"column":22},"end":{"line":100,"column":24}},"line":100},"2":{"name":"(anonymous_2)","decl":{"start":{"line":102,"column":15},"end":{"line":102,"column":16}},"loc":{"start":{"line":102,"column":26},"end":{"line":104,"column":3}},"line":102},"3":{"name":"(anonymous_3)","decl":{"start":{"line":106,"column":16},"end":{"line":106,"column":17}},"loc":{"start":{"line":106,"column":27},"end":{"line":108,"column":3}},"line":106},"4":{"name":"(anonymous_4)","decl":{"start":{"line":110,"column":25},"end":{"line":110,"column":26}},"loc":{"start":{"line":110,"column":36},"end":{"line":112,"column":3}},"line":110},"5":{"name":"(anonymous_5)","decl":{"start":{"line":114,"column":26},"end":{"line":114,"column":27}},"loc":{"start":{"line":114,"column":37},"end":{"line":116,"column":3}},"line":114},"6":{"name":"(anonymous_6)","decl":{"start":{"line":118,"column":2},"end":{"line":118,"column":3}},"loc":{"start":{"line":118,"column":11},"end":{"line":214,"column":3}},"line":118}},"branchMap":{},"s":{"0":1,"1":1,"2":1,"3":0,"4":0,"5":0,"6":0,"7":1,"8":1},"f":{"0":1,"1":1,"2":0,"3":0,"4":0,"5":0,"6":1},"b":{},"_coverageSchema":"332fd63041d2c1bcb487cc26dd0d5f7d97098a6c","hash":"f5686ec9ca2ee03f0482dd8ad1fdbfdc6db634b7"}
,"/Users/jakelitwicki/Litwicki/camelothub/app/src/components/Menu.js": {"path":"/Users/jakelitwicki/Litwicki/camelothub/app/src/components/Menu.js","statementMap":{"0":{"start":{"line":1,"column":13},"end":{"line":23,"column":1}}},"fnMap":{},"branchMap":{},"s":{"0":1},"f":{},"b":{},"_coverageSchema":"332fd63041d2c1bcb487cc26dd0d5f7d97098a6c","hash":"525473fb85989dcf53b3f2ede66953f4e36b52c1"}
,"/Users/jakelitwicki/Litwicki/camelothub/app/src/components/ScrollTop.js": {"path":"/Users/jakelitwicki/Litwicki/camelothub/app/src/components/ScrollTop.js","statementMap":{"0":{"start":{"line":6,"column":6},"end":{"line":8,"column":7}},"1":{"start":{"line":7,"column":8},"end":{"line":7,"column":30}},"2":{"start":{"line":12,"column":6},"end":{"line":12,"column":33}}},"fnMap":{"0":{"name":"(anonymous_0)","decl":{"start":{"line":5,"column":4},"end":{"line":5,"column":5}},"loc":{"start":{"line":5,"column":34},"end":{"line":9,"column":5}},"line":5},"1":{"name":"(anonymous_1)","decl":{"start":{"line":11,"column":4},"end":{"line":11,"column":5}},"loc":{"start":{"line":11,"column":13},"end":{"line":13,"column":5}},"line":11}},"branchMap":{"0":{"loc":{"start":{"line":6,"column":6},"end":{"line":8,"column":7}},"type":"if","locations":[{"start":{"line":6,"column":6},"end":{"line":8,"column":7}},{"start":{"line":6,"column":6},"end":{"line":8,"column":7}}],"line":6}},"s":{"0":0,"1":0,"2":1},"f":{"0":0,"1":1},"b":{"0":[0,0]},"_coverageSchema":"332fd63041d2c1bcb487cc26dd0d5f7d97098a6c","hash":"30e576d1465cf7ebf081d61762f8c800ba5194d0"}
,"/Users/jakelitwicki/Litwicki/camelothub/app/src/components/Signup.js": {"path":"/Users/jakelitwicki/Litwicki/camelothub/app/src/components/Signup.js","statementMap":{"0":{"start":{"line":25,"column":24},"end":{"line":25,"column":54}},"1":{"start":{"line":27,"column":13},"end":{"line":27,"column":42}},"2":{"start":{"line":29,"column":16},"end":{"line":29,"column":34}},"3":{"start":{"line":30,"column":0},"end":{"line":30,"column":27}},"4":{"start":{"line":32,"column":15},"end":{"line":101,"column":2}},"5":{"start":{"line":32,"column":25},"end":{"line":101,"column":1}},"6":{"start":{"line":103,"column":17},"end":{"line":109,"column":1}},"7":{"start":{"line":104,"column":2},"end":{"line":108,"column":4}},"8":{"start":{"line":125,"column":4},"end":{"line":127,"column":8}},"9":{"start":{"line":125,"column":28},"end":{"line":127,"column":5}},"10":{"start":{"line":128,"column":4},"end":{"line":130,"column":5}},"11":{"start":{"line":129,"column":6},"end":{"line":129,"column":67}},"12":{"start":{"line":129,"column":23},"end":{"line":129,"column":60}},"13":{"start":{"line":134,"column":4},"end":{"line":136,"column":8}},"14":{"start":{"line":134,"column":28},"end":{"line":136,"column":5}},"15":{"start":{"line":140,"column":4},"end":{"line":142,"column":7}},"16":{"start":{"line":146,"column":4},"end":{"line":146,"column":63}},"17":{"start":{"line":150,"column":4},"end":{"line":150,"column":58}},"18":{"start":{"line":154,"column":4},"end":{"line":156,"column":5}},"19":{"start":{"line":155,"column":6},"end":{"line":155,"column":23}},"20":{"start":{"line":157,"column":4},"end":{"line":159,"column":5}},"21":{"start":{"line":158,"column":6},"end":{"line":158,"column":20}},"22":{"start":{"line":160,"column":4},"end":{"line":162,"column":5}},"23":{"start":{"line":161,"column":6},"end":{"line":161,"column":22}},"24":{"start":{"line":163,"column":4},"end":{"line":163,"column":18}},"25":{"start":{"line":168,"column":24},"end":{"line":168,"column":34}},"26":{"start":{"line":169,"column":18},"end":{"line":169,"column":28}},"27":{"start":{"line":170,"column":36},"end":{"line":170,"column":46}},"28":{"start":{"line":172,"column":4},"end":{"line":357,"column":5}},"29":{"start":{"line":187,"column":24},"end":{"line":191,"column":26}}},"fnMap":{"0":{"name":"(anonymous_0)","decl":{"start":{"line":32,"column":15},"end":{"line":32,"column":16}},"loc":{"start":{"line":32,"column":25},"end":{"line":101,"column":1}},"line":32},"1":{"name":"(anonymous_1)","decl":{"start":{"line":103,"column":17},"end":{"line":103,"column":18}},"loc":{"start":{"line":103,"column":23},"end":{"line":109,"column":1}},"line":103},"2":{"name":"(anonymous_2)","decl":{"start":{"line":120,"column":2},"end":{"line":120,"column":3}},"loc":{"start":{"line":120,"column":22},"end":{"line":122,"column":3}},"line":120},"3":{"name":"(anonymous_3)","decl":{"start":{"line":124,"column":15},"end":{"line":124,"column":16}},"loc":{"start":{"line":124,"column":21},"end":{"line":131,"column":3}},"line":124},"4":{"name":"(anonymous_4)","decl":{"start":{"line":125,"column":18},"end":{"line":125,"column":19}},"loc":{"start":{"line":125,"column":28},"end":{"line":127,"column":5}},"line":125},"5":{"name":"(anonymous_5)","decl":{"start":{"line":129,"column":17},"end":{"line":129,"column":18}},"loc":{"start":{"line":129,"column":23},"end":{"line":129,"column":60}},"line":129},"6":{"name":"(anonymous_6)","decl":{"start":{"line":133,"column":15},"end":{"line":133,"column":16}},"loc":{"start":{"line":133,"column":21},"end":{"line":137,"column":3}},"line":133},"7":{"name":"(anonymous_7)","decl":{"start":{"line":134,"column":18},"end":{"line":134,"column":19}},"loc":{"start":{"line":134,"column":28},"end":{"line":136,"column":5}},"line":134},"8":{"name":"(anonymous_8)","decl":{"start":{"line":139,"column":16},"end":{"line":139,"column":17}},"loc":{"start":{"line":139,"column":22},"end":{"line":143,"column":3}},"line":139},"9":{"name":"(anonymous_9)","decl":{"start":{"line":145,"column":17},"end":{"line":145,"column":18}},"loc":{"start":{"line":145,"column":26},"end":{"line":147,"column":3}},"line":145},"10":{"name":"(anonymous_10)","decl":{"start":{"line":149,"column":16},"end":{"line":149,"column":17}},"loc":{"start":{"line":149,"column":25},"end":{"line":151,"column":3}},"line":149},"11":{"name":"(anonymous_11)","decl":{"start":{"line":153,"column":2},"end":{"line":153,"column":3}},"loc":{"start":{"line":153,"column":16},"end":{"line":164,"column":3}},"line":153},"12":{"name":"(anonymous_12)","decl":{"start":{"line":166,"column":2},"end":{"line":166,"column":3}},"loc":{"start":{"line":166,"column":11},"end":{"line":358,"column":3}},"line":166},"13":{"name":"(anonymous_13)","decl":{"start":{"line":186,"column":33},"end":{"line":186,"column":34}},"loc":{"start":{"line":186,"column":42},"end":{"line":192,"column":23}},"line":186}},"branchMap":{"0":{"loc":{"start":{"line":128,"column":4},"end":{"line":130,"column":5}},"type":"if","locations":[{"start":{"line":128,"column":4},"end":{"line":130,"column":5}},{"start":{"line":128,"column":4},"end":{"line":130,"column":5}}],"line":128},"1":{"loc":{"start":{"line":154,"column":4},"end":{"line":156,"column":5}},"type":"if","locations":[{"start":{"line":154,"column":4},"end":{"line":156,"column":5}},{"start":{"line":154,"column":4},"end":{"line":156,"column":5}}],"line":154},"2":{"loc":{"start":{"line":157,"column":4},"end":{"line":159,"column":5}},"type":"if","locations":[{"start":{"line":157,"column":4},"end":{"line":159,"column":5}},{"start":{"line":157,"column":4},"end":{"line":159,"column":5}}],"line":157},"3":{"loc":{"start":{"line":160,"column":4},"end":{"line":162,"column":5}},"type":"if","locations":[{"start":{"line":160,"column":4},"end":{"line":162,"column":5}},{"start":{"line":160,"column":4},"end":{"line":162,"column":5}}],"line":160},"4":{"loc":{"start":{"line":195,"column":20},"end":{"line":233,"column":19}},"type":"binary-expr","locations":[{"start":{"line":195,"column":20},"end":{"line":195,"column":36}},{"start":{"line":196,"column":18},"end":{"line":232,"column":26}}],"line":195},"5":{"loc":{"start":{"line":234,"column":20},"end":{"line":252,"column":19}},"type":"binary-expr","locations":[{"start":{"line":234,"column":20},"end":{"line":234,"column":36}},{"start":{"line":235,"column":18},"end":{"line":251,"column":26}}],"line":234},"6":{"loc":{"start":{"line":253,"column":20},"end":{"line":287,"column":19}},"type":"binary-expr","locations":[{"start":{"line":253,"column":20},"end":{"line":253,"column":36}},{"start":{"line":254,"column":18},"end":{"line":286,"column":26}}],"line":253},"7":{"loc":{"start":{"line":288,"column":20},"end":{"line":316,"column":19}},"type":"binary-expr","locations":[{"start":{"line":288,"column":20},"end":{"line":288,"column":36}},{"start":{"line":289,"column":18},"end":{"line":315,"column":26}}],"line":288},"8":{"loc":{"start":{"line":305,"column":49},"end":{"line":305,"column":74}},"type":"cond-expr","locations":[{"start":{"line":305,"column":59},"end":{"line":305,"column":66}},{"start":{"line":305,"column":69},"end":{"line":305,"column":74}}],"line":305},"9":{"loc":{"start":{"line":317,"column":20},"end":{"line":349,"column":19}},"type":"binary-expr","locations":[{"start":{"line":317,"column":20},"end":{"line":317,"column":36}},{"start":{"line":318,"column":21},"end":{"line":348,"column":25}}],"line":317},"10":{"loc":{"start":{"line":319,"column":23},"end":{"line":337,"column":22}},"type":"cond-expr","locations":[{"start":{"line":320,"column":23},"end":{"line":327,"column":32}},{"start":{"line":329,"column":23},"end":{"line":336,"column":32}}],"line":319},"11":{"loc":{"start":{"line":343,"column":30},"end":{"line":343,"column":116}},"type":"cond-expr","locations":[{"start":{"line":343,"column":67},"end":{"line":343,"column":111}},{"start":{"line":343,"column":114},"end":{"line":343,"column":116}}],"line":343}},"s":{"0":1,"1":1,"2":1,"3":1,"4":1,"5":0,"6":1,"7":0,"8":0,"9":0,"10":0,"11":0,"12":0,"13":0,"14":0,"15":0,"16":0,"17":0,"18":0,"19":0,"20":0,"21":0,"22":0,"23":0,"24":0,"25":0,"26":0,"27":0,"28":0,"29":0},"f":{"0":0,"1":0,"2":0,"3":0,"4":0,"5":0,"6":0,"7":0,"8":0,"9":0,"10":0,"11":0,"12":0,"13":0},"b":{"0":[0,0],"1":[0,0],"2":[0,0],"3":[0,0],"4":[0,0],"5":[0,0],"6":[0,0],"7":[0,0],"8":[0,0],"9":[0,0],"10":[0,0],"11":[0,0]},"_coverageSchema":"332fd63041d2c1bcb487cc26dd0d5f7d97098a6c","hash":"90aab2fec9f0cb6db381c490e00cbd2af43d05d2"}
,"/Users/jakelitwicki/Litwicki/camelothub/app/src/components/SimpleLineChart.js": {"path":"/Users/jakelitwicki/Litwicki/camelothub/app/src/components/SimpleLineChart.js","statementMap":{"0":{"start":{"line":10,"column":26},"end":{"line":10,"column":31}},"1":{"start":{"line":11,"column":2},"end":{"line":20,"column":4}}},"fnMap":{"0":{"name":"SimpleLineChart","decl":{"start":{"line":9,"column":9},"end":{"line":9,"column":24}},"loc":{"start":{"line":9,"column":32},"end":{"line":21,"column":1}},"line":9}},"branchMap":{},"s":{"0":0,"1":0},"f":{"0":0},"b":{},"_coverageSchema":"332fd63041d2c1bcb487cc26dd0d5f7d97098a6c","hash":"dbd44d0cafab1b40d444297d312b4f8e6f4b82cf"}
,"/Users/jakelitwicki/Litwicki/camelothub/app/src/components/Topbar.js": {"path":"/Users/jakelitwicki/Litwicki/camelothub/app/src/components/Topbar.js","statementMap":{"0":{"start":{"line":18,"column":13},"end":{"line":18,"column":42}},"1":{"start":{"line":20,"column":15},"end":{"line":73,"column":2}},"2":{"start":{"line":20,"column":25},"end":{"line":73,"column":1}},"3":{"start":{"line":83,"column":4},"end":{"line":83,"column":29}},"4":{"start":{"line":87,"column":4},"end":{"line":87,"column":40}},"5":{"start":{"line":91,"column":4},"end":{"line":91,"column":41}},"6":{"start":{"line":95,"column":4},"end":{"line":95,"column":26}},"7":{"start":{"line":99,"column":4},"end":{"line":101,"column":5}},"8":{"start":{"line":100,"column":6},"end":{"line":100,"column":14}},"9":{"start":{"line":102,"column":4},"end":{"line":104,"column":5}},"10":{"start":{"line":103,"column":6},"end":{"line":103,"column":14}},"11":{"start":{"line":105,"column":4},"end":{"line":107,"column":5}},"12":{"start":{"line":106,"column":6},"end":{"line":106,"column":14}},"13":{"start":{"line":108,"column":4},"end":{"line":110,"column":5}},"14":{"start":{"line":109,"column":6},"end":{"line":109,"column":14}},"15":{"start":{"line":111,"column":4},"end":{"line":113,"column":5}},"16":{"start":{"line":112,"column":6},"end":{"line":112,"column":14}},"17":{"start":{"line":119,"column":24},"end":{"line":119,"column":34}},"18":{"start":{"line":121,"column":4},"end":{"line":174,"column":5}},"19":{"start":{"line":151,"column":30},"end":{"line":153,"column":41}},"20":{"start":{"line":164,"column":28},"end":{"line":164,"column":184}}},"fnMap":{"0":{"name":"(anonymous_0)","decl":{"start":{"line":20,"column":15},"end":{"line":20,"column":16}},"loc":{"start":{"line":20,"column":25},"end":{"line":73,"column":1}},"line":20},"1":{"name":"(anonymous_1)","decl":{"start":{"line":82,"column":17},"end":{"line":82,"column":18}},"loc":{"start":{"line":82,"column":35},"end":{"line":84,"column":3}},"line":82},"2":{"name":"(anonymous_2)","decl":{"start":{"line":86,"column":19},"end":{"line":86,"column":20}},"loc":{"start":{"line":86,"column":30},"end":{"line":88,"column":3}},"line":86},"3":{"name":"(anonymous_3)","decl":{"start":{"line":90,"column":20},"end":{"line":90,"column":21}},"loc":{"start":{"line":90,"column":31},"end":{"line":92,"column":3}},"line":90},"4":{"name":"(anonymous_4)","decl":{"start":{"line":94,"column":2},"end":{"line":94,"column":3}},"loc":{"start":{"line":94,"column":22},"end":{"line":96,"column":3}},"line":94},"5":{"name":"(anonymous_5)","decl":{"start":{"line":98,"column":12},"end":{"line":98,"column":13}},"loc":{"start":{"line":98,"column":18},"end":{"line":115,"column":3}},"line":98},"6":{"name":"(anonymous_6)","decl":{"start":{"line":117,"column":2},"end":{"line":117,"column":3}},"loc":{"start":{"line":117,"column":11},"end":{"line":175,"column":3}},"line":117},"7":{"name":"(anonymous_7)","decl":{"start":{"line":150,"column":38},"end":{"line":150,"column":39}},"loc":{"start":{"line":151,"column":30},"end":{"line":153,"column":41}},"line":151},"8":{"name":"(anonymous_8)","decl":{"start":{"line":163,"column":36},"end":{"line":163,"column":37}},"loc":{"start":{"line":164,"column":28},"end":{"line":164,"column":184}},"line":164}},"branchMap":{"0":{"loc":{"start":{"line":99,"column":4},"end":{"line":101,"column":5}},"type":"if","locations":[{"start":{"line":99,"column":4},"end":{"line":101,"column":5}},{"start":{"line":99,"column":4},"end":{"line":101,"column":5}}],"line":99},"1":{"loc":{"start":{"line":102,"column":4},"end":{"line":104,"column":5}},"type":"if","locations":[{"start":{"line":102,"column":4},"end":{"line":104,"column":5}},{"start":{"line":102,"column":4},"end":{"line":104,"column":5}}],"line":102},"2":{"loc":{"start":{"line":105,"column":4},"end":{"line":107,"column":5}},"type":"if","locations":[{"start":{"line":105,"column":4},"end":{"line":107,"column":5}},{"start":{"line":105,"column":4},"end":{"line":107,"column":5}}],"line":105},"3":{"loc":{"start":{"line":108,"column":4},"end":{"line":110,"column":5}},"type":"if","locations":[{"start":{"line":108,"column":4},"end":{"line":110,"column":5}},{"start":{"line":108,"column":4},"end":{"line":110,"column":5}}],"line":108},"4":{"loc":{"start":{"line":111,"column":4},"end":{"line":113,"column":5}},"type":"if","locations":[{"start":{"line":111,"column":4},"end":{"line":113,"column":5}},{"start":{"line":111,"column":4},"end":{"line":113,"column":5}}],"line":111},"5":{"loc":{"start":{"line":134,"column":20},"end":{"line":169,"column":19}},"type":"binary-expr","locations":[{"start":{"line":134,"column":20},"end":{"line":134,"column":38}},{"start":{"line":135,"column":20},"end":{"line":168,"column":37}}],"line":134},"6":{"loc":{"start":{"line":158,"column":33},"end":{"line":158,"column":67}},"type":"binary-expr","locations":[{"start":{"line":158,"column":33},"end":{"line":158,"column":47}},{"start":{"line":158,"column":51},"end":{"line":158,"column":67}}],"line":158}},"s":{"0":1,"1":1,"2":1,"3":0,"4":0,"5":0,"6":1,"7":1,"8":0,"9":1,"10":0,"11":1,"12":0,"13":1,"14":0,"15":1,"16":0,"17":1,"18":1,"19":5,"20":5},"f":{"0":1,"1":0,"2":0,"3":0,"4":1,"5":1,"6":1,"7":5,"8":5},"b":{"0":[0,1],"1":[0,1],"2":[0,1],"3":[0,1],"4":[0,1],"5":[1,1],"6":[1,1]},"_coverageSchema":"332fd63041d2c1bcb487cc26dd0d5f7d97098a6c","hash":"08dc5e0cf01fa73a78d2354f91ede05938ffa097"}
,"/Users/jakelitwicki/Litwicki/camelothub/app/src/components/Wizard.js": {"path":"/Users/jakelitwicki/Litwicki/camelothub/app/src/components/Wizard.js","statementMap":{"0":{"start":{"line":21,"column":11},"end":{"line":21,"column":34}},"1":{"start":{"line":22,"column":24},"end":{"line":22,"column":54}},"2":{"start":{"line":24,"column":16},"end":{"line":24,"column":34}},"3":{"start":{"line":25,"column":0},"end":{"line":25,"column":31}},"4":{"start":{"line":27,"column":15},"end":{"line":93,"column":2}},"5":{"start":{"line":27,"column":25},"end":{"line":93,"column":1}},"6":{"start":{"line":95,"column":17},"end":{"line":104,"column":1}},"7":{"start":{"line":96,"column":2},"end":{"line":103,"column":4}},"8":{"start":{"line":120,"column":4},"end":{"line":122,"column":8}},"9":{"start":{"line":120,"column":28},"end":{"line":122,"column":5}},"10":{"start":{"line":126,"column":4},"end":{"line":128,"column":8}},"11":{"start":{"line":126,"column":28},"end":{"line":128,"column":5}},"12":{"start":{"line":132,"column":4},"end":{"line":134,"column":7}},"13":{"start":{"line":138,"column":4},"end":{"line":138,"column":63}},"14":{"start":{"line":142,"column":4},"end":{"line":142,"column":58}},"15":{"start":{"line":146,"column":4},"end":{"line":148,"column":5}},"16":{"start":{"line":147,"column":6},"end":{"line":147,"column":22}},"17":{"start":{"line":149,"column":4},"end":{"line":151,"column":5}},"18":{"start":{"line":150,"column":6},"end":{"line":150,"column":20}},"19":{"start":{"line":152,"column":4},"end":{"line":154,"column":5}},"20":{"start":{"line":153,"column":6},"end":{"line":153,"column":20}},"21":{"start":{"line":155,"column":4},"end":{"line":155,"column":18}},"22":{"start":{"line":159,"column":24},"end":{"line":159,"column":50}},"23":{"start":{"line":161,"column":4},"end":{"line":164,"column":6}},"24":{"start":{"line":169,"column":24},"end":{"line":169,"column":34}},"25":{"start":{"line":170,"column":24},"end":{"line":170,"column":50}},"26":{"start":{"line":171,"column":19},"end":{"line":171,"column":59}},"27":{"start":{"line":172,"column":18},"end":{"line":172,"column":28}},"28":{"start":{"line":173,"column":27},"end":{"line":173,"column":37}},"29":{"start":{"line":175,"column":4},"end":{"line":502,"column":5}},"30":{"start":{"line":187,"column":24},"end":{"line":191,"column":26}}},"fnMap":{"0":{"name":"(anonymous_0)","decl":{"start":{"line":27,"column":15},"end":{"line":27,"column":16}},"loc":{"start":{"line":27,"column":25},"end":{"line":93,"column":1}},"line":27},"1":{"name":"(anonymous_1)","decl":{"start":{"line":95,"column":17},"end":{"line":95,"column":18}},"loc":{"start":{"line":95,"column":23},"end":{"line":104,"column":1}},"line":95},"2":{"name":"(anonymous_2)","decl":{"start":{"line":115,"column":2},"end":{"line":115,"column":3}},"loc":{"start":{"line":115,"column":22},"end":{"line":117,"column":3}},"line":115},"3":{"name":"(anonymous_3)","decl":{"start":{"line":119,"column":15},"end":{"line":119,"column":16}},"loc":{"start":{"line":119,"column":21},"end":{"line":123,"column":3}},"line":119},"4":{"name":"(anonymous_4)","decl":{"start":{"line":120,"column":18},"end":{"line":120,"column":19}},"loc":{"start":{"line":120,"column":28},"end":{"line":122,"column":5}},"line":120},"5":{"name":"(anonymous_5)","decl":{"start":{"line":125,"column":15},"end":{"line":125,"column":16}},"loc":{"start":{"line":125,"column":21},"end":{"line":129,"column":3}},"line":125},"6":{"name":"(anonymous_6)","decl":{"start":{"line":126,"column":18},"end":{"line":126,"column":19}},"loc":{"start":{"line":126,"column":28},"end":{"line":128,"column":5}},"line":126},"7":{"name":"(anonymous_7)","decl":{"start":{"line":131,"column":16},"end":{"line":131,"column":17}},"loc":{"start":{"line":131,"column":22},"end":{"line":135,"column":3}},"line":131},"8":{"name":"(anonymous_8)","decl":{"start":{"line":137,"column":17},"end":{"line":137,"column":18}},"loc":{"start":{"line":137,"column":26},"end":{"line":139,"column":3}},"line":137},"9":{"name":"(anonymous_9)","decl":{"start":{"line":141,"column":16},"end":{"line":141,"column":17}},"loc":{"start":{"line":141,"column":25},"end":{"line":143,"column":3}},"line":141},"10":{"name":"(anonymous_10)","decl":{"start":{"line":145,"column":2},"end":{"line":145,"column":3}},"loc":{"start":{"line":145,"column":16},"end":{"line":156,"column":3}},"line":145},"11":{"name":"(anonymous_11)","decl":{"start":{"line":158,"column":18},"end":{"line":158,"column":19}},"loc":{"start":{"line":158,"column":27},"end":{"line":165,"column":3}},"line":158},"12":{"name":"(anonymous_12)","decl":{"start":{"line":167,"column":2},"end":{"line":167,"column":3}},"loc":{"start":{"line":167,"column":11},"end":{"line":503,"column":3}},"line":167},"13":{"name":"(anonymous_13)","decl":{"start":{"line":186,"column":33},"end":{"line":186,"column":34}},"loc":{"start":{"line":186,"column":42},"end":{"line":192,"column":23}},"line":186}},"branchMap":{"0":{"loc":{"start":{"line":146,"column":4},"end":{"line":148,"column":5}},"type":"if","locations":[{"start":{"line":146,"column":4},"end":{"line":148,"column":5}},{"start":{"line":146,"column":4},"end":{"line":148,"column":5}}],"line":146},"1":{"loc":{"start":{"line":149,"column":4},"end":{"line":151,"column":5}},"type":"if","locations":[{"start":{"line":149,"column":4},"end":{"line":151,"column":5}},{"start":{"line":149,"column":4},"end":{"line":151,"column":5}}],"line":149},"2":{"loc":{"start":{"line":152,"column":4},"end":{"line":154,"column":5}},"type":"if","locations":[{"start":{"line":152,"column":4},"end":{"line":154,"column":5}},{"start":{"line":152,"column":4},"end":{"line":154,"column":5}}],"line":152},"3":{"loc":{"start":{"line":171,"column":19},"end":{"line":171,"column":59}},"type":"cond-expr","locations":[{"start":{"line":171,"column":33},"end":{"line":171,"column":54}},{"start":{"line":171,"column":57},"end":{"line":171,"column":59}}],"line":171},"4":{"loc":{"start":{"line":195,"column":20},"end":{"line":233,"column":19}},"type":"binary-expr","locations":[{"start":{"line":195,"column":20},"end":{"line":195,"column":36}},{"start":{"line":196,"column":18},"end":{"line":232,"column":26}}],"line":195},"5":{"loc":{"start":{"line":234,"column":20},"end":{"line":281,"column":19}},"type":"binary-expr","locations":[{"start":{"line":234,"column":20},"end":{"line":234,"column":36}},{"start":{"line":235,"column":18},"end":{"line":280,"column":26}}],"line":234},"6":{"loc":{"start":{"line":282,"column":20},"end":{"line":394,"column":19}},"type":"binary-expr","locations":[{"start":{"line":282,"column":20},"end":{"line":282,"column":36}},{"start":{"line":283,"column":18},"end":{"line":393,"column":26}}],"line":282},"7":{"loc":{"start":{"line":307,"column":32},"end":{"line":307,"column":83}},"type":"cond-expr","locations":[{"start":{"line":307,"column":41},"end":{"line":307,"column":72}},{"start":{"line":307,"column":75},"end":{"line":307,"column":83}}],"line":307},"8":{"loc":{"start":{"line":325,"column":32},"end":{"line":325,"column":84}},"type":"cond-expr","locations":[{"start":{"line":325,"column":41},"end":{"line":325,"column":74}},{"start":{"line":325,"column":77},"end":{"line":325,"column":84}}],"line":325},"9":{"loc":{"start":{"line":333,"column":32},"end":{"line":333,"column":81}},"type":"cond-expr","locations":[{"start":{"line":333,"column":41},"end":{"line":333,"column":70}},{"start":{"line":333,"column":73},"end":{"line":333,"column":81}}],"line":333},"10":{"loc":{"start":{"line":395,"column":20},"end":{"line":439,"column":19}},"type":"binary-expr","locations":[{"start":{"line":395,"column":20},"end":{"line":395,"column":36}},{"start":{"line":396,"column":20},"end":{"line":438,"column":26}}],"line":395},"11":{"loc":{"start":{"line":440,"column":20},"end":{"line":455,"column":19}},"type":"binary-expr","locations":[{"start":{"line":440,"column":20},"end":{"line":440,"column":36}},{"start":{"line":441,"column":18},"end":{"line":454,"column":26}}],"line":440},"12":{"loc":{"start":{"line":456,"column":20},"end":{"line":474,"column":19}},"type":"binary-expr","locations":[{"start":{"line":456,"column":21},"end":{"line":456,"column":37}},{"start":{"line":456,"column":41},"end":{"line":456,"column":57}},{"start":{"line":457,"column":18},"end":{"line":473,"column":26}}],"line":456},"13":{"loc":{"start":{"line":476,"column":22},"end":{"line":485,"column":21}},"type":"binary-expr","locations":[{"start":{"line":476,"column":22},"end":{"line":476,"column":38}},{"start":{"line":477,"column":22},"end":{"line":484,"column":31}}],"line":476},"14":{"loc":{"start":{"line":489,"column":31},"end":{"line":489,"column":86}},"type":"cond-expr","locations":[{"start":{"line":489,"column":50},"end":{"line":489,"column":65}},{"start":{"line":489,"column":68},"end":{"line":489,"column":86}}],"line":489},"15":{"loc":{"start":{"line":491,"column":32},"end":{"line":491,"column":87}},"type":"binary-expr","locations":[{"start":{"line":491,"column":32},"end":{"line":491,"column":59}},{"start":{"line":491,"column":63},"end":{"line":491,"column":87}}],"line":491}},"s":{"0":1,"1":1,"2":1,"3":1,"4":1,"5":0,"6":1,"7":0,"8":0,"9":0,"10":0,"11":0,"12":0,"13":0,"14":0,"15":0,"16":0,"17":0,"18":0,"19":0,"20":0,"21":0,"22":0,"23":0,"24":0,"25":0,"26":0,"27":0,"28":0,"29":0,"30":0},"f":{"0":0,"1":0,"2":0,"3":0,"4":0,"5":0,"6":0,"7":0,"8":0,"9":0,"10":0,"11":0,"12":0,"13":0},"b":{"0":[0,0],"1":[0,0],"2":[0,0],"3":[0,0],"4":[0,0],"5":[0,0],"6":[0,0],"7":[0,0],"8":[0,0],"9":[0,0],"10":[0,0],"11":[0,0],"12":[0,0,0],"13":[0,0],"14":[0,0],"15":[0,0]},"_coverageSchema":"332fd63041d2c1bcb487cc26dd0d5f7d97098a6c","hash":"9e904871f1a58e07bc9fa8d7e3a5f6cfc4adaa95"}
,"/Users/jakelitwicki/Litwicki/camelothub/app/src/components/buttons/ButtonBar.js": {"path":"/Users/jakelitwicki/Litwicki/camelothub/app/src/components/buttons/ButtonBar.js","statementMap":{"0":{"start":{"line":5,"column":15},"end":{"line":16,"column":2}},"1":{"start":{"line":5,"column":25},"end":{"line":16,"column":1}},"2":{"start":{"line":21,"column":24},"end":{"line":21,"column":34}},"3":{"start":{"line":23,"column":4},"end":{"line":38,"column":5}}},"fnMap":{"0":{"name":"(anonymous_0)","decl":{"start":{"line":5,"column":15},"end":{"line":5,"column":16}},"loc":{"start":{"line":5,"column":25},"end":{"line":16,"column":1}},"line":5},"1":{"name":"(anonymous_1)","decl":{"start":{"line":20,"column":2},"end":{"line":20,"column":3}},"loc":{"start":{"line":20,"column":11},"end":{"line":39,"column":3}},"line":20}},"branchMap":{},"s":{"0":1,"1":0,"2":0,"3":0},"f":{"0":0,"1":0},"b":{},"_coverageSchema":"332fd63041d2c1bcb487cc26dd0d5f7d97098a6c","hash":"4660638a58757d0f64e0323f86c87e1e6a528f4a"}
,"/Users/jakelitwicki/Litwicki/camelothub/app/src/components/cards/CardItem.js": {"path":"/Users/jakelitwicki/Litwicki/camelothub/app/src/components/cards/CardItem.js","statementMap":{"0":{"start":{"line":10,"column":15},"end":{"line":72,"column":2}},"1":{"start":{"line":10,"column":25},"end":{"line":72,"column":1}},"2":{"start":{"line":77,"column":24},"end":{"line":77,"column":34}},"3":{"start":{"line":79,"column":4},"end":{"line":126,"column":5}}},"fnMap":{"0":{"name":"(anonymous_0)","decl":{"start":{"line":10,"column":15},"end":{"line":10,"column":16}},"loc":{"start":{"line":10,"column":25},"end":{"line":72,"column":1}},"line":10},"1":{"name":"(anonymous_1)","decl":{"start":{"line":76,"column":2},"end":{"line":76,"column":3}},"loc":{"start":{"line":76,"column":11},"end":{"line":127,"column":3}},"line":76}},"branchMap":{},"s":{"0":1,"1":0,"2":0,"3":0},"f":{"0":0,"1":0},"b":{},"_coverageSchema":"332fd63041d2c1bcb487cc26dd0d5f7d97098a6c","hash":"4e5faf19804f86349c34af9ece891def16cf8ee3"}
,"/Users/jakelitwicki/Litwicki/camelothub/app/src/components/common/Back.js": {"path":"/Users/jakelitwicki/Litwicki/camelothub/app/src/components/common/Back.js","statementMap":{"0":{"start":{"line":7,"column":15},"end":{"line":16,"column":2}},"1":{"start":{"line":7,"column":25},"end":{"line":16,"column":1}},"2":{"start":{"line":20,"column":24},"end":{"line":20,"column":34}},"3":{"start":{"line":21,"column":4},"end":{"line":30,"column":5}}},"fnMap":{"0":{"name":"(anonymous_0)","decl":{"start":{"line":7,"column":15},"end":{"line":7,"column":16}},"loc":{"start":{"line":7,"column":25},"end":{"line":16,"column":1}},"line":7},"1":{"name":"(anonymous_1)","decl":{"start":{"line":19,"column":2},"end":{"line":19,"column":3}},"loc":{"start":{"line":19,"column":11},"end":{"line":31,"column":3}},"line":19}},"branchMap":{},"s":{"0":1,"1":0,"2":0,"3":0},"f":{"0":0,"1":0},"b":{},"_coverageSchema":"332fd63041d2c1bcb487cc26dd0d5f7d97098a6c","hash":"846396d321e3182eb84b8eac62d6754895cb109b"}
,"/Users/jakelitwicki/Litwicki/camelothub/app/src/components/common/Loading.js": {"path":"/Users/jakelitwicki/Litwicki/camelothub/app/src/components/common/Loading.js","statementMap":{"0":{"start":{"line":5,"column":15},"end":{"line":11,"column":2}},"1":{"start":{"line":5,"column":25},"end":{"line":11,"column":1}},"2":{"start":{"line":14,"column":31},"end":{"line":14,"column":36}},"3":{"start":{"line":15,"column":2},"end":{"line":22,"column":4}}},"fnMap":{"0":{"name":"(anonymous_0)","decl":{"start":{"line":5,"column":15},"end":{"line":5,"column":16}},"loc":{"start":{"line":5,"column":25},"end":{"line":11,"column":1}},"line":5},"1":{"name":"Loading","decl":{"start":{"line":13,"column":9},"end":{"line":13,"column":16}},"loc":{"start":{"line":13,"column":24},"end":{"line":23,"column":1}},"line":13}},"branchMap":{"0":{"loc":{"start":{"line":16,"column":16},"end":{"line":16,"column":68}},"type":"cond-expr","locations":[{"start":{"line":16,"column":26},"end":{"line":16,"column":46}},{"start":{"line":16,"column":49},"end":{"line":16,"column":68}}],"line":16}},"s":{"0":1,"1":0,"2":0,"3":0},"f":{"0":0,"1":0},"b":{"0":[0,0]},"_coverageSchema":"332fd63041d2c1bcb487cc26dd0d5f7d97098a6c","hash":"ad754fcaeb44fd3d2f2e23ac786cd549a5e03685"}
,"/Users/jakelitwicki/Litwicki/camelothub/app/src/components/common/Months.js": {"path":"/Users/jakelitwicki/Litwicki/camelothub/app/src/components/common/Months.js","statementMap":{"0":{"start":{"line":1,"column":15},"end":{"line":30,"column":3}}},"fnMap":{},"branchMap":{},"s":{"0":1},"f":{},"b":{},"_coverageSchema":"332fd63041d2c1bcb487cc26dd0d5f7d97098a6c","hash":"0973b222e786d55b8e38463e196e6ca82c110d72"}
,"/Users/jakelitwicki/Litwicki/camelothub/app/src/components/dialogs/BaseDialog.js": {"path":"/Users/jakelitwicki/Litwicki/camelothub/app/src/components/dialogs/BaseDialog.js","statementMap":{"0":{"start":{"line":8,"column":15},"end":{"line":20,"column":2}},"1":{"start":{"line":8,"column":25},"end":{"line":20,"column":1}},"2":{"start":{"line":24,"column":39},"end":{"line":24,"column":49}},"3":{"start":{"line":25,"column":4},"end":{"line":42,"column":5}}},"fnMap":{"0":{"name":"(anonymous_0)","decl":{"start":{"line":8,"column":15},"end":{"line":8,"column":16}},"loc":{"start":{"line":8,"column":25},"end":{"line":20,"column":1}},"line":8},"1":{"name":"(anonymous_1)","decl":{"start":{"line":23,"column":2},"end":{"line":23,"column":3}},"loc":{"start":{"line":23,"column":11},"end":{"line":43,"column":3}},"line":23}},"branchMap":{},"s":{"0":1,"1":1,"2":2,"3":2},"f":{"0":1,"1":2},"b":{},"_coverageSchema":"332fd63041d2c1bcb487cc26dd0d5f7d97098a6c","hash":"e4878c2adca5d2626c71e96b00677984e329284a"}
,"/Users/jakelitwicki/Litwicki/camelothub/app/src/components/dialogs/InstructionDialog.js": {"path":"/Users/jakelitwicki/Litwicki/camelothub/app/src/components/dialogs/InstructionDialog.js","statementMap":{"0":{"start":{"line":8,"column":15},"end":{"line":20,"column":2}},"1":{"start":{"line":8,"column":25},"end":{"line":20,"column":1}},"2":{"start":{"line":24,"column":24},"end":{"line":24,"column":34}},"3":{"start":{"line":25,"column":4},"end":{"line":39,"column":5}}},"fnMap":{"0":{"name":"(anonymous_0)","decl":{"start":{"line":8,"column":15},"end":{"line":8,"column":16}},"loc":{"start":{"line":8,"column":25},"end":{"line":20,"column":1}},"line":8},"1":{"name":"(anonymous_1)","decl":{"start":{"line":23,"column":2},"end":{"line":23,"column":3}},"loc":{"start":{"line":23,"column":11},"end":{"line":40,"column":3}},"line":23}},"branchMap":{},"s":{"0":1,"1":1,"2":1,"3":1},"f":{"0":1,"1":1},"b":{},"_coverageSchema":"332fd63041d2c1bcb487cc26dd0d5f7d97098a6c","hash":"4f681d019f2a6b78d39c2e2ad00918b5890a60da"}
,"/Users/jakelitwicki/Litwicki/camelothub/app/src/components/dialogs/SwipeDialog.js": {"path":"/Users/jakelitwicki/Litwicki/camelothub/app/src/components/dialogs/SwipeDialog.js","statementMap":{"0":{"start":{"line":11,"column":13},"end":{"line":11,"column":45}},"1":{"start":{"line":13,"column":31},"end":{"line":13,"column":55}},"2":{"start":{"line":15,"column":22},"end":{"line":46,"column":1}},"3":{"start":{"line":48,"column":15},"end":{"line":66,"column":2}},"4":{"start":{"line":48,"column":25},"end":{"line":66,"column":1}},"5":{"start":{"line":75,"column":4},"end":{"line":77,"column":8}},"6":{"start":{"line":75,"column":32},"end":{"line":77,"column":5}},"7":{"start":{"line":81,"column":4},"end":{"line":83,"column":8}},"8":{"start":{"line":81,"column":32},"end":{"line":83,"column":5}},"9":{"start":{"line":87,"column":4},"end":{"line":87,"column":34}},"10":{"start":{"line":91,"column":24},"end":{"line":91,"column":34}},"11":{"start":{"line":92,"column":21},"end":{"line":92,"column":41}},"12":{"start":{"line":93,"column":27},"end":{"line":93,"column":37}},"13":{"start":{"line":94,"column":4},"end":{"line":147,"column":5}},"14":{"start":{"line":108,"column":16},"end":{"line":112,"column":22}}},"fnMap":{"0":{"name":"(anonymous_0)","decl":{"start":{"line":48,"column":15},"end":{"line":48,"column":16}},"loc":{"start":{"line":48,"column":25},"end":{"line":66,"column":1}},"line":48},"1":{"name":"(anonymous_1)","decl":{"start":{"line":74,"column":15},"end":{"line":74,"column":16}},"loc":{"start":{"line":74,"column":21},"end":{"line":78,"column":3}},"line":74},"2":{"name":"(anonymous_2)","decl":{"start":{"line":75,"column":18},"end":{"line":75,"column":19}},"loc":{"start":{"line":75,"column":32},"end":{"line":77,"column":5}},"line":75},"3":{"name":"(anonymous_3)","decl":{"start":{"line":80,"column":15},"end":{"line":80,"column":16}},"loc":{"start":{"line":80,"column":21},"end":{"line":84,"column":3}},"line":80},"4":{"name":"(anonymous_4)","decl":{"start":{"line":81,"column":18},"end":{"line":81,"column":19}},"loc":{"start":{"line":81,"column":32},"end":{"line":83,"column":5}},"line":81},"5":{"name":"(anonymous_5)","decl":{"start":{"line":86,"column":21},"end":{"line":86,"column":22}},"loc":{"start":{"line":86,"column":35},"end":{"line":88,"column":3}},"line":86},"6":{"name":"(anonymous_6)","decl":{"start":{"line":90,"column":2},"end":{"line":90,"column":3}},"loc":{"start":{"line":90,"column":11},"end":{"line":148,"column":3}},"line":90},"7":{"name":"(anonymous_7)","decl":{"start":{"line":107,"column":33},"end":{"line":107,"column":34}},"loc":{"start":{"line":108,"column":16},"end":{"line":112,"column":22}},"line":108}},"branchMap":{"0":{"loc":{"start":{"line":109,"column":19},"end":{"line":111,"column":26}},"type":"cond-expr","locations":[{"start":{"line":110,"column":20},"end":{"line":110,"column":87}},{"start":{"line":111,"column":22},"end":{"line":111,"column":26}}],"line":109}},"s":{"0":1,"1":1,"2":1,"3":1,"4":1,"5":0,"6":0,"7":0,"8":0,"9":0,"10":1,"11":1,"12":1,"13":1,"14":5},"f":{"0":1,"1":0,"2":0,"3":0,"4":0,"5":0,"6":1,"7":5},"b":{"0":[3,2]},"_coverageSchema":"332fd63041d2c1bcb487cc26dd0d5f7d97098a6c","hash":"91ad4fbcce9edf994e8e232d880d1c6d846430f2"}
,"/Users/jakelitwicki/Litwicki/camelothub/app/src/components/typo/SectionHeader.js": {"path":"/Users/jakelitwicki/Litwicki/camelothub/app/src/components/typo/SectionHeader.js","statementMap":{"0":{"start":{"line":7,"column":15},"end":{"line":15,"column":2}},"1":{"start":{"line":7,"column":25},"end":{"line":15,"column":1}},"2":{"start":{"line":19,"column":40},"end":{"line":19,"column":50}},"3":{"start":{"line":20,"column":4},"end":{"line":29,"column":5}}},"fnMap":{"0":{"name":"(anonymous_0)","decl":{"start":{"line":7,"column":15},"end":{"line":7,"column":16}},"loc":{"start":{"line":7,"column":25},"end":{"line":15,"column":1}},"line":7},"1":{"name":"(anonymous_1)","decl":{"start":{"line":18,"column":2},"end":{"line":18,"column":3}},"loc":{"start":{"line":18,"column":11},"end":{"line":30,"column":3}},"line":18}},"branchMap":{},"s":{"0":1,"1":0,"2":0,"3":0},"f":{"0":0,"1":0},"b":{},"_coverageSchema":"332fd63041d2c1bcb487cc26dd0d5f7d97098a6c","hash":"cdb817f8a020d81f61931b35a0624826b957f703"}
}
