TN:
SF:/Users/jakelitwicki/Litwicki/camelothub/app/src/App.js
FN:27,(anonymous_0)
FNF:1
FNH:1
FNDA:1,(anonymous_0)
DA:7,1
DA:28,1
LF:2
LH:2
BRF:0
BRH:0
end_of_record
TN:
SF:/Users/jakelitwicki/Litwicki/camelothub/app/src/index.js
FNF:0
FNH:0
DA:1,0
DA:2,0
DA:3,0
DA:4,0
DA:5,0
DA:12,0
LF:6
LH:0
BRF:0
BRH:0
end_of_record
TN:
SF:/Users/jakelitwicki/Litwicki/camelothub/app/src/routes.js
FN:10,(anonymous_0)
FNF:1
FNH:1
FNDA:1,(anonymous_0)
DA:11,1
LF:1
LH:1
BRF:0
BRH:0
end_of_record
TN:
SF:/Users/jakelitwicki/Litwicki/camelothub/app/src/serviceWorker.js
FN:23,register
FN:34,(anonymous_1)
FN:43,(anonymous_2)
FN:57,registerValidSW
FN:60,(anonymous_4)
FN:61,(anonymous_5)
FN:66,(anonymous_6)
FN:96,(anonymous_7)
FN:101,checkValidServiceWorker
FN:104,(anonymous_9)
FN:112,(anonymous_10)
FN:113,(anonymous_11)
FN:122,(anonymous_12)
FN:129,unregister
FN:131,(anonymous_14)
FNF:15
FNH:0
FNDA:0,register
FNDA:0,(anonymous_1)
FNDA:0,(anonymous_2)
FNDA:0,registerValidSW
FNDA:0,(anonymous_4)
FNDA:0,(anonymous_5)
FNDA:0,(anonymous_6)
FNDA:0,(anonymous_7)
FNDA:0,checkValidServiceWorker
FNDA:0,(anonymous_9)
FNDA:0,(anonymous_10)
FNDA:0,(anonymous_11)
FNDA:0,(anonymous_12)
FNDA:0,unregister
FNDA:0,(anonymous_14)
DA:13,0
DA:24,0
DA:26,0
DA:27,0
DA:31,0
DA:34,0
DA:35,0
DA:37,0
DA:39,0
DA:43,0
DA:44,0
DA:51,0
DA:58,0
DA:61,0
DA:62,0
DA:63,0
DA:64,0
DA:66,0
DA:67,0
DA:68,0
DA:72,0
DA:78,0
DA:79,0
DA:85,0
DA:88,0
DA:89,0
DA:97,0
DA:103,0
DA:106,0
DA:107,0
DA:112,0
DA:113,0
DA:114,0
DA:119,0
DA:123,0
DA:130,0
DA:131,0
DA:132,0
LF:38
LH:0
BRDA:14,0,0,0
BRDA:14,0,1,0
BRDA:14,0,2,0
BRDA:24,1,0,0
BRDA:24,1,1,0
BRDA:24,2,0,0
BRDA:24,2,1,0
BRDA:27,3,0,0
BRDA:27,3,1,0
BRDA:37,4,0,0
BRDA:37,4,1,0
BRDA:63,5,0,0
BRDA:63,5,1,0
BRDA:67,6,0,0
BRDA:67,6,1,0
BRDA:68,7,0,0
BRDA:68,7,1,0
BRDA:78,8,0,0
BRDA:78,8,1,0
BRDA:78,9,0,0
BRDA:78,9,1,0
BRDA:88,10,0,0
BRDA:88,10,1,0
BRDA:88,11,0,0
BRDA:88,11,1,0
BRDA:107,12,0,0
BRDA:107,12,1,0
BRDA:108,13,0,0
BRDA:108,13,1,0
BRDA:108,13,2,0
BRDA:130,14,0,0
BRDA:130,14,1,0
BRF:32
BRH:0
end_of_record
TN:
SF:/Users/jakelitwicki/Litwicki/camelothub/app/src/components/Cards.js
FN:10,(anonymous_0)
FN:29,(anonymous_1)
FNF:2
FNH:0
FNDA:0,(anonymous_0)
FNDA:0,(anonymous_1)
DA:8,1
DA:10,1
DA:30,0
DA:31,0
DA:33,0
LF:5
LH:2
BRF:0
BRH:0
end_of_record
TN:
SF:/Users/jakelitwicki/Litwicki/camelothub/app/src/components/Dashboard.js
FN:23,(anonymous_0)
FN:128,(anonymous_1)
FN:135,(anonymous_2)
FN:147,(anonymous_3)
FN:151,(anonymous_4)
FN:156,(anonymous_5)
FN:161,(anonymous_6)
FN:166,(anonymous_7)
FNF:8
FNH:0
FNDA:0,(anonymous_0)
FNDA:0,(anonymous_1)
FNDA:0,(anonymous_2)
FNDA:0,(anonymous_3)
FNDA:0,(anonymous_4)
FNDA:0,(anonymous_5)
FNDA:0,(anonymous_6)
FNDA:0,(anonymous_7)
DA:18,1
DA:19,1
DA:21,1
DA:23,1
DA:112,1
DA:129,0
DA:130,0
DA:131,0
DA:132,0
DA:133,0
DA:135,0
DA:136,0
DA:137,0
DA:144,0
DA:148,0
DA:152,0
DA:153,0
DA:157,0
DA:158,0
DA:162,0
DA:163,0
DA:167,0
DA:169,0
DA:170,0
DA:172,0
LF:25
LH:5
BRDA:133,0,0,0
BRDA:133,0,1,0
BRDA:139,1,0,0
BRDA:139,1,1,0
BRDA:312,2,0,0
BRDA:312,2,1,0
BRDA:348,3,0,0
BRDA:348,3,1,0
BRF:8
BRH:0
end_of_record
TN:
SF:/Users/jakelitwicki/Litwicki/camelothub/app/src/components/Main.js
FN:16,(anonymous_0)
FN:100,(anonymous_1)
FN:102,(anonymous_2)
FN:106,(anonymous_3)
FN:110,(anonymous_4)
FN:114,(anonymous_5)
FN:118,(anonymous_6)
FNF:7
FNH:3
FNDA:1,(anonymous_0)
FNDA:1,(anonymous_1)
FNDA:0,(anonymous_2)
FNDA:0,(anonymous_3)
FNDA:0,(anonymous_4)
FNDA:0,(anonymous_5)
FNDA:1,(anonymous_6)
DA:14,1
DA:16,1
DA:103,0
DA:107,0
DA:111,0
DA:115,0
DA:119,1
DA:120,1
LF:8
LH:4
BRF:0
BRH:0
end_of_record
TN:
SF:/Users/jakelitwicki/Litwicki/camelothub/app/src/components/Menu.js
FNF:0
FNH:0
DA:1,1
LF:1
LH:1
BRF:0
BRH:0
end_of_record
TN:
SF:/Users/jakelitwicki/Litwicki/camelothub/app/src/components/ScrollTop.js
FN:5,(anonymous_0)
FN:11,(anonymous_1)
FNF:2
FNH:1
FNDA:0,(anonymous_0)
FNDA:1,(anonymous_1)
DA:6,0
DA:7,0
DA:12,1
LF:3
LH:1
BRDA:6,0,0,0
BRDA:6,0,1,0
BRF:2
BRH:0
end_of_record
TN:
SF:/Users/jakelitwicki/Litwicki/camelothub/app/src/components/Signup.js
FN:32,(anonymous_0)
FN:103,(anonymous_1)
FN:120,(anonymous_2)
FN:124,(anonymous_3)
FN:125,(anonymous_4)
FN:129,(anonymous_5)
FN:133,(anonymous_6)
FN:134,(anonymous_7)
FN:139,(anonymous_8)
FN:145,(anonymous_9)
FN:149,(anonymous_10)
FN:153,(anonymous_11)
FN:166,(anonymous_12)
FN:186,(anonymous_13)
FNF:14
FNH:0
FNDA:0,(anonymous_0)
FNDA:0,(anonymous_1)
FNDA:0,(anonymous_2)
FNDA:0,(anonymous_3)
FNDA:0,(anonymous_4)
FNDA:0,(anonymous_5)
FNDA:0,(anonymous_6)
FNDA:0,(anonymous_7)
FNDA:0,(anonymous_8)
FNDA:0,(anonymous_9)
FNDA:0,(anonymous_10)
FNDA:0,(anonymous_11)
FNDA:0,(anonymous_12)
FNDA:0,(anonymous_13)
DA:25,1
DA:27,1
DA:29,1
DA:30,1
DA:32,1
DA:103,1
DA:104,0
DA:125,0
DA:128,0
DA:129,0
DA:134,0
DA:140,0
DA:146,0
DA:150,0
DA:154,0
DA:155,0
DA:157,0
DA:158,0
DA:160,0
DA:161,0
DA:163,0
DA:168,0
DA:169,0
DA:170,0
DA:172,0
DA:187,0
LF:26
LH:6
BRDA:128,0,0,0
BRDA:128,0,1,0
BRDA:154,1,0,0
BRDA:154,1,1,0
BRDA:157,2,0,0
BRDA:157,2,1,0
BRDA:160,3,0,0
BRDA:160,3,1,0
BRDA:195,4,0,0
BRDA:195,4,1,0
BRDA:234,5,0,0
BRDA:234,5,1,0
BRDA:253,6,0,0
BRDA:253,6,1,0
BRDA:288,7,0,0
BRDA:288,7,1,0
BRDA:305,8,0,0
BRDA:305,8,1,0
BRDA:317,9,0,0
BRDA:317,9,1,0
BRDA:319,10,0,0
BRDA:319,10,1,0
BRDA:343,11,0,0
BRDA:343,11,1,0
BRF:24
BRH:0
end_of_record
TN:
SF:/Users/jakelitwicki/Litwicki/camelothub/app/src/components/SimpleLineChart.js
FN:9,SimpleLineChart
FNF:1
FNH:0
FNDA:0,SimpleLineChart
DA:10,0
DA:11,0
LF:2
LH:0
BRF:0
BRH:0
end_of_record
TN:
SF:/Users/jakelitwicki/Litwicki/camelothub/app/src/components/Topbar.js
FN:20,(anonymous_0)
FN:82,(anonymous_1)
FN:86,(anonymous_2)
FN:90,(anonymous_3)
FN:94,(anonymous_4)
FN:98,(anonymous_5)
FN:117,(anonymous_6)
FN:150,(anonymous_7)
FN:163,(anonymous_8)
FNF:9
FNH:6
FNDA:1,(anonymous_0)
FNDA:0,(anonymous_1)
FNDA:0,(anonymous_2)
FNDA:0,(anonymous_3)
FNDA:1,(anonymous_4)
FNDA:1,(anonymous_5)
FNDA:1,(anonymous_6)
FNDA:5,(anonymous_7)
FNDA:5,(anonymous_8)
DA:18,1
DA:20,1
DA:83,0
DA:87,0
DA:91,0
DA:95,1
DA:99,1
DA:100,0
DA:102,1
DA:103,0
DA:105,1
DA:106,0
DA:108,1
DA:109,0
DA:111,1
DA:112,0
DA:119,1
DA:121,1
DA:151,5
DA:164,5
LF:20
LH:12
BRDA:99,0,0,0
BRDA:99,0,1,1
BRDA:102,1,0,0
BRDA:102,1,1,1
BRDA:105,2,0,0
BRDA:105,2,1,1
BRDA:108,3,0,0
BRDA:108,3,1,1
BRDA:111,4,0,0
BRDA:111,4,1,1
BRDA:134,5,0,1
BRDA:134,5,1,1
BRDA:158,6,0,1
BRDA:158,6,1,1
BRF:14
BRH:9
end_of_record
TN:
SF:/Users/jakelitwicki/Litwicki/camelothub/app/src/components/Wizard.js
FN:27,(anonymous_0)
FN:95,(anonymous_1)
FN:115,(anonymous_2)
FN:119,(anonymous_3)
FN:120,(anonymous_4)
FN:125,(anonymous_5)
FN:126,(anonymous_6)
FN:131,(anonymous_7)
FN:137,(anonymous_8)
FN:141,(anonymous_9)
FN:145,(anonymous_10)
FN:158,(anonymous_11)
FN:167,(anonymous_12)
FN:186,(anonymous_13)
FNF:14
FNH:0
FNDA:0,(anonymous_0)
FNDA:0,(anonymous_1)
FNDA:0,(anonymous_2)
FNDA:0,(anonymous_3)
FNDA:0,(anonymous_4)
FNDA:0,(anonymous_5)
FNDA:0,(anonymous_6)
FNDA:0,(anonymous_7)
FNDA:0,(anonymous_8)
FNDA:0,(anonymous_9)
FNDA:0,(anonymous_10)
FNDA:0,(anonymous_11)
FNDA:0,(anonymous_12)
FNDA:0,(anonymous_13)
DA:21,1
DA:22,1
DA:24,1
DA:25,1
DA:27,1
DA:95,1
DA:96,0
DA:120,0
DA:126,0
DA:132,0
DA:138,0
DA:142,0
DA:146,0
DA:147,0
DA:149,0
DA:150,0
DA:152,0
DA:153,0
DA:155,0
DA:159,0
DA:161,0
DA:169,0
DA:170,0
DA:171,0
DA:172,0
DA:173,0
DA:175,0
DA:187,0
LF:28
LH:6
BRDA:146,0,0,0
BRDA:146,0,1,0
BRDA:149,1,0,0
BRDA:149,1,1,0
BRDA:152,2,0,0
BRDA:152,2,1,0
BRDA:171,3,0,0
BRDA:171,3,1,0
BRDA:195,4,0,0
BRDA:195,4,1,0
BRDA:234,5,0,0
BRDA:234,5,1,0
BRDA:282,6,0,0
BRDA:282,6,1,0
BRDA:307,7,0,0
BRDA:307,7,1,0
BRDA:325,8,0,0
BRDA:325,8,1,0
BRDA:333,9,0,0
BRDA:333,9,1,0
BRDA:395,10,0,0
BRDA:395,10,1,0
BRDA:440,11,0,0
BRDA:440,11,1,0
BRDA:456,12,0,0
BRDA:456,12,1,0
BRDA:456,12,2,0
BRDA:476,13,0,0
BRDA:476,13,1,0
BRDA:489,14,0,0
BRDA:489,14,1,0
BRDA:491,15,0,0
BRDA:491,15,1,0
BRF:33
BRH:0
end_of_record
TN:
SF:/Users/jakelitwicki/Litwicki/camelothub/app/src/components/buttons/ButtonBar.js
FN:5,(anonymous_0)
FN:20,(anonymous_1)
FNF:2
FNH:0
FNDA:0,(anonymous_0)
FNDA:0,(anonymous_1)
DA:5,1
DA:21,0
DA:23,0
LF:3
LH:1
BRF:0
BRH:0
end_of_record
TN:
SF:/Users/jakelitwicki/Litwicki/camelothub/app/src/components/cards/CardItem.js
FN:10,(anonymous_0)
FN:76,(anonymous_1)
FNF:2
FNH:0
FNDA:0,(anonymous_0)
FNDA:0,(anonymous_1)
DA:10,1
DA:77,0
DA:79,0
LF:3
LH:1
BRF:0
BRH:0
end_of_record
TN:
SF:/Users/jakelitwicki/Litwicki/camelothub/app/src/components/common/Back.js
FN:7,(anonymous_0)
FN:19,(anonymous_1)
FNF:2
FNH:0
FNDA:0,(anonymous_0)
FNDA:0,(anonymous_1)
DA:7,1
DA:20,0
DA:21,0
LF:3
LH:1
BRF:0
BRH:0
end_of_record
TN:
SF:/Users/jakelitwicki/Litwicki/camelothub/app/src/components/common/Loading.js
FN:5,(anonymous_0)
FN:13,Loading
FNF:2
FNH:0
FNDA:0,(anonymous_0)
FNDA:0,Loading
DA:5,1
DA:14,0
DA:15,0
LF:3
LH:1
BRDA:16,0,0,0
BRDA:16,0,1,0
BRF:2
BRH:0
end_of_record
TN:
SF:/Users/jakelitwicki/Litwicki/camelothub/app/src/components/common/Months.js
FNF:0
FNH:0
DA:1,1
LF:1
LH:1
BRF:0
BRH:0
end_of_record
TN:
SF:/Users/jakelitwicki/Litwicki/camelothub/app/src/components/dialogs/BaseDialog.js
FN:8,(anonymous_0)
FN:23,(anonymous_1)
FNF:2
FNH:2
FNDA:1,(anonymous_0)
FNDA:2,(anonymous_1)
DA:8,1
DA:24,2
DA:25,2
LF:3
LH:3
BRF:0
BRH:0
end_of_record
TN:
SF:/Users/jakelitwicki/Litwicki/camelothub/app/src/components/dialogs/InstructionDialog.js
FN:8,(anonymous_0)
FN:23,(anonymous_1)
FNF:2
FNH:2
FNDA:1,(anonymous_0)
FNDA:1,(anonymous_1)
DA:8,1
DA:24,1
DA:25,1
LF:3
LH:3
BRF:0
BRH:0
end_of_record
TN:
SF:/Users/jakelitwicki/Litwicki/camelothub/app/src/components/dialogs/SwipeDialog.js
FN:48,(anonymous_0)
FN:74,(anonymous_1)
FN:75,(anonymous_2)
FN:80,(anonymous_3)
FN:81,(anonymous_4)
FN:86,(anonymous_5)
FN:90,(anonymous_6)
FN:107,(anonymous_7)
FNF:8
FNH:3
FNDA:1,(anonymous_0)
FNDA:0,(anonymous_1)
FNDA:0,(anonymous_2)
FNDA:0,(anonymous_3)
FNDA:0,(anonymous_4)
FNDA:0,(anonymous_5)
FNDA:1,(anonymous_6)
FNDA:5,(anonymous_7)
DA:11,1
DA:13,1
DA:15,1
DA:48,1
DA:75,0
DA:81,0
DA:87,0
DA:91,1
DA:92,1
DA:93,1
DA:94,1
DA:108,5
LF:12
LH:9
BRDA:109,0,0,3
BRDA:109,0,1,2
BRF:2
BRH:2
end_of_record
TN:
SF:/Users/jakelitwicki/Litwicki/camelothub/app/src/components/typo/SectionHeader.js
FN:7,(anonymous_0)
FN:18,(anonymous_1)
FNF:2
FNH:0
FNDA:0,(anonymous_0)
FNDA:0,(anonymous_1)
DA:7,1
DA:19,0
DA:20,0
LF:3
LH:1
BRF:0
BRH:0
end_of_record
